[debug] > Exec(~run, None, None)
[info] sbt server started at local:sbt-server-859644847056cd5e6697
[debug] Writing bsp connection file
[info] started sbt server
[debug] > Exec(__runWatch console0, None, None)
[debug] > Exec(sbtStashOnFailure, None, None)
[debug] > Exec(__preWatch console0, None, None)
[debug] > Exec(run, None, None)
[debug] Evaluating tasks: Compile / run
[debug] Running task... Cancel: Signal, check cycles: false, forcegc: true
[info] compiling 3 Scala sources to C:\Users\Abdul\Documents\scala-projects\scala-card-game\target\scala-2.13\classes ...
[info] Non-compiled module 'compiler-bridge_2.13' for Scala 2.13.8. Compiling...
[info]   Compilation completed in 6.93s.
[error] C:\Users\Abdul\Documents\scala-projects\scala-card-game\src\main\scala\game\Main.scala:6:39: missing argument list for method apply in trait IterableFactory
[error] Unapplied methods are only converted to functions when a function type is expected.
[error] You can make this conversion explicit by writing `apply _` or `apply(_)` instead of `apply`.
[error]     val game = new CardGame(ListBuffer[Card]);
[error]                                       ^
[error] one error found
[error] (Compile / compileIncremental) Compilation failed
[error] Total time: 10 s, completed 6 Jun 2022, 20:51:08
[debug] > Exec(resumeFromFailure, None, None)
[debug] > Exec(sbtPopOnFailure, None, None)
[debug] > Exec(__postWatch console0, None, None)
[debug] > Exec(__waitWatch console0, None, None)
